C51 COMPILER V9.01   TP                                                                    05/28/2019 16:58:52 PAGE 1   


C51 COMPILER V9.01, COMPILATION OF MODULE TP
OBJECT MODULE PLACED IN tp.obj
COMPILER INVOKED BY: C:\Keil\C51\BIN\C51.EXE tp\tp.c BROWSE DEBUG OBJECTEXTEND PRINT(.\tp.lst) OBJECT(tp.obj)

line level    source

   1          #include "c8051F340.h"
   2          #include <intrins.h>
   3          #include <absacc.h>
   4           
   5          #include<main.h>
   6          #include<mmc_sd\mmc_sd.h>
   7          #include<lcd\lcd.h>
   8          #include <tp\tp.h>
   9          
  10          #ifdef TP_TEST
  11          
  12          void TP_Write(unsigned char cmd)
  13          {
  14   1              unsigned char xdata i;
  15   1      
  16   1              TP_CS=0;
  17   1              TP_DCLK=0;
  18   1      
  19   1              for(i=0;i<8;i++)
  20   1              {
  21   2                      if((cmd&0x80)==0)
  22   2                      TP_DIN=0;
  23   2                      else
  24   2                      TP_DIN=1;
  25   2                      TP_DCLK=1;
  26   2                      cmd=cmd<<1;
  27   2                      TP_DCLK=0;//be low ,before read
  28   2              }
  29   1      }
  30          
  31          unsigned int TP_Read(void)
  32          {
  33   1              unsigned char xdata i;
  34   1              long int xdata  val=0;
  35   1      
  36   1              TP_CS=0;
  37   1              TP_DOUT = 1;
  38   1      
  39   1              for(i=0;i<12;i++)
  40   1              {
  41   2                      TP_DCLK=0;
  42   2                      if(TP_DOUT)
  43   2                      {
  44   3                              val=val|(1<<(11-i));
  45   3                      }
  46   2                      TP_DCLK=1;
  47   2              }
  48   1      
  49   1              TP_CS=1;
  50   1              return val;
  51   1      }
  52          
  53          unsigned int TP_GetPosition(unsigned char cmd)
  54          {
  55   1              unsigned int xdata temp;
C51 COMPILER V9.01   TP                                                                    05/28/2019 16:58:52 PAGE 2   

  56   1              unsigned char xdata i=0,j=0,k=0;
  57   1              unsigned int  xdata TP[11];
  58   1      
  59   1              TP_PENIRQ = 1;
  60   1      
  61   1              while((i<11)&&(!TP_PENIRQ))
  62   1              {
  63   2                      TP_CS=0;
  64   2                      TP_Write(cmd+1);
  65   2                      TP[i]=TP_Read();
  66   2                      i++;
  67   2                      TP_CS=1;
  68   2              }
  69   1              if(i!=0)
  70   1              {
  71   2                      for(j=0;j<i;j++)
  72   2                              for(k=0;k<i-j;k++)
  73   2                                      if (*(TP+k)>*(TP+k+1))
  74   2                                              {
  75   3                                              temp=*(TP+k);
  76   3                                              *(TP+k)=*(TP+k+1);
  77   3                                              *(TP+k+1)=temp;
  78   3                                      }
  79   2                      return (TP[i/2]);
  80   2              }
  81   1              else
  82   1                      return 0;
  83   1      }
  84          
  85          void TP_DrawLine(void)
  86          {
  87   1              unsigned long int  xdata gx=0,gy=0;           //coordinate on glass
  88   1              unsigned long int  xdata tx=0,ty=0;           //coordinate value read from TP
  89   1              unsigned long int  xdata gxtemp=0,gytemp=0;            //coordinate on glass
  90   1      
  91   1              DispColor(BLACK);
  92   1              DrawGird(GRAY25);
  93   1              DispStr("TP TEST",0,0,BLACK,WHITE);
  94   1      
  95   1              TP_PENIRQ = 1;
  96   1              while (TP_PENIRQ) 
  97   1              {
  98   2                      ConnToUSB();
  99   2              }
 100   1      
 101   1              while(1)
 102   1              {
 103   2      
 104   2                      while(KEY_STEP)
 105   2                      {
 106   3                              Delay(50);//!
 107   3                              while(!TP_PENIRQ)
 108   3                              {
 109   4                                      tx=TP_GetPosition(0xd0);//x-position measure
 110   4                                      gx=(tx-X_min)*(unsigned long int)(COL)/((X_max-X_min));
 111   4                              
 112   4                                      ty=TP_GetPosition(0x90);//y-position measure
 113   4                                      gy=(ty-Y_min)*(unsigned long int)(ROW)/((Y_max-Y_min));
 114   4                              
 115   4                                      Delay(15);//!
 116   4                      
 117   4                                      //touch panel must be interrupted
C51 COMPILER V9.01   TP                                                                    05/28/2019 16:58:52 PAGE 3   

 118   4                                      if((!TP_PENIRQ)&&(gx>=0&&gx<COL)&&(gy>=0&&gy<ROW))
 119   4                                      {
 120   5                                              PutPixel((240-gx),(gy),RED);
 121   5                                      }
 122   4                              }
 123   3                              Delay(50);
 124   3                      }
 125   2      
 126   2                      DispColor(BLACK);
 127   2                      DrawGird(GRAY25);
 128   2                      DispStr("TP TEST",0,0,BLACK,WHITE);
 129   2      
 130   2              }
 131   1      
 132   1      }
 133          
 134          #endif
 135          
 136          
 137          
 138          


MODULE INFORMATION:   STATIC OVERLAYABLE
   CODE SIZE        =    911    ----
   CONSTANT SIZE    =      8    ----
   XDATA SIZE       =   ----      57
   PDATA SIZE       =   ----    ----
   DATA SIZE        =   ----    ----
   IDATA SIZE       =   ----    ----
   BIT SIZE         =   ----    ----
END OF MODULE INFORMATION.


C51 COMPILATION COMPLETE.  0 WARNING(S),  0 ERROR(S)
