Removed Pin From Net: NetName=LCD_R0 Pin=Rp1-1
Removed Pin From Net: NetName=LCD_R1 Pin=Rp1-2
Removed Pin From Net: NetName=LCD_R2 Pin=Rp1-3
Removed Pin From Net: NetName=LCD_R3 Pin=Rp1-4
Removed Pin From Net: NetName=TFT_R3 Pin=Rp1-5
Removed Pin From Net: NetName=TFT_R2 Pin=Rp1-6
Removed Pin From Net: NetName=TFT_R1 Pin=Rp1-7
Removed Pin From Net: NetName=TFT_R0 Pin=Rp1-8
Removed Pin From Net: NetName=LCD_R4 Pin=Rp2-1
Removed Pin From Net: NetName=LCD_R5 Pin=Rp2-2
Removed Pin From Net: NetName=LCD_R6 Pin=Rp2-3
Removed Pin From Net: NetName=LCD_R7 Pin=Rp2-4
Removed Pin From Net: NetName=TFT_R7 Pin=Rp2-5
Removed Pin From Net: NetName=TFT_R6 Pin=Rp2-6
Removed Pin From Net: NetName=TFT_R5 Pin=Rp2-7
Removed Pin From Net: NetName=TFT_R4 Pin=Rp2-8
Removed Pin From Net: NetName=LCD_G0 Pin=Rp3-1
Removed Pin From Net: NetName=LCD_G1 Pin=Rp3-2
Removed Pin From Net: NetName=LCD_G2 Pin=Rp3-3
Removed Pin From Net: NetName=LCD_G3 Pin=Rp3-4
Removed Pin From Net: NetName=TFT_G3 Pin=Rp3-5
Removed Pin From Net: NetName=TFT_G2 Pin=Rp3-6
Removed Pin From Net: NetName=TFT_G1 Pin=Rp3-7
Removed Pin From Net: NetName=TFT_G0 Pin=Rp3-8
Removed Pin From Net: NetName=LCD_G4 Pin=Rp4-1
Removed Pin From Net: NetName=LCD_G5 Pin=Rp4-2
Removed Pin From Net: NetName=LCD_G6 Pin=Rp4-3
Removed Pin From Net: NetName=LCD_G7 Pin=Rp4-4
Removed Pin From Net: NetName=TFT_G7 Pin=Rp4-5
Removed Pin From Net: NetName=TFT_G6 Pin=Rp4-6
Removed Pin From Net: NetName=TFT_G5 Pin=Rp4-7
Removed Pin From Net: NetName=TFT_G4 Pin=Rp4-8
Removed Pin From Net: NetName=LCD_B0 Pin=Rp5-1
Removed Pin From Net: NetName=LCD_B1 Pin=Rp5-2
Removed Pin From Net: NetName=LCD_B2 Pin=Rp5-3
Removed Pin From Net: NetName=LCD_B3 Pin=Rp5-4
Removed Pin From Net: NetName=TFT_B3 Pin=Rp5-5
Removed Pin From Net: NetName=TFT_B2 Pin=Rp5-6
Removed Pin From Net: NetName=TFT_B1 Pin=Rp5-7
Removed Pin From Net: NetName=TFT_B0 Pin=Rp5-8
Removed Pin From Net: NetName=LCD_B4 Pin=Rp6-1
Removed Pin From Net: NetName=LCD_B5 Pin=Rp6-2
Removed Pin From Net: NetName=LCD_B6 Pin=Rp6-3
Removed Pin From Net: NetName=LCD_B7 Pin=Rp6-4
Removed Pin From Net: NetName=TFT_B7 Pin=Rp6-5
Removed Pin From Net: NetName=TFT_B6 Pin=Rp6-6
Removed Pin From Net: NetName=TFT_B5 Pin=Rp6-7
Removed Pin From Net: NetName=TFT_B4 Pin=Rp6-8
Removed Pin From Net: NetName=LCD_CLK Pin=Rp7-1
Removed Pin From Net: NetName=LCD_HSYNC Pin=Rp7-2
Removed Pin From Net: NetName=LCD_VSYNC Pin=Rp7-3
Removed Pin From Net: NetName=LCD_DE Pin=Rp7-4
Removed Pin From Net: NetName=TFT_DE Pin=Rp7-5
Removed Pin From Net: NetName=TFT_VS Pin=Rp7-6
Removed Pin From Net: NetName=TFT_HS Pin=Rp7-7
Removed Pin From Net: NetName=TFT_CLK Pin=Rp7-8
Removed Pin From Net: NetName=TP_INT Pin=Rp8-1
Removed Pin From Net: NetName=TP_SDA Pin=Rp8-2
Removed Pin From Net: NetName=TP_SCL Pin=Rp8-3
Removed Pin From Net: NetName=TP_RST Pin=Rp8-4
Removed Pin From Net: NetName=CT_RST Pin=Rp8-5
Removed Pin From Net: NetName=CT_SCL Pin=Rp8-6
Removed Pin From Net: NetName=CT_SDA Pin=Rp8-7
Removed Pin From Net: NetName=CT_INT Pin=Rp8-8
Added Pin To Net: NetName=TFT_R0 Pin=Rp1-1
Added Pin To Net: NetName=TFT_R1 Pin=Rp1-2
Added Pin To Net: NetName=TFT_R2 Pin=Rp1-3
Added Pin To Net: NetName=TFT_R3 Pin=Rp1-4
Added Pin To Net: NetName=LCD_R3 Pin=Rp1-5
Added Pin To Net: NetName=LCD_R2 Pin=Rp1-6
Added Pin To Net: NetName=LCD_R1 Pin=Rp1-7
Added Pin To Net: NetName=LCD_R0 Pin=Rp1-8
Added Pin To Net: NetName=TFT_R4 Pin=Rp2-1
Added Pin To Net: NetName=TFT_R5 Pin=Rp2-2
Added Pin To Net: NetName=TFT_R6 Pin=Rp2-3
Added Pin To Net: NetName=TFT_R7 Pin=Rp2-4
Added Pin To Net: NetName=LCD_R7 Pin=Rp2-5
Added Pin To Net: NetName=LCD_R6 Pin=Rp2-6
Added Pin To Net: NetName=LCD_R5 Pin=Rp2-7
Added Pin To Net: NetName=LCD_R4 Pin=Rp2-8
Added Pin To Net: NetName=TFT_G0 Pin=Rp3-1
Added Pin To Net: NetName=TFT_G1 Pin=Rp3-2
Added Pin To Net: NetName=TFT_G2 Pin=Rp3-3
Added Pin To Net: NetName=TFT_G3 Pin=Rp3-4
Added Pin To Net: NetName=LCD_G3 Pin=Rp3-5
Added Pin To Net: NetName=LCD_G2 Pin=Rp3-6
Added Pin To Net: NetName=LCD_G1 Pin=Rp3-7
Added Pin To Net: NetName=LCD_G0 Pin=Rp3-8
Added Pin To Net: NetName=TFT_G4 Pin=Rp4-1
Added Pin To Net: NetName=TFT_G5 Pin=Rp4-2
Added Pin To Net: NetName=TFT_G6 Pin=Rp4-3
Added Pin To Net: NetName=TFT_G7 Pin=Rp4-4
Added Pin To Net: NetName=LCD_G7 Pin=Rp4-5
Added Pin To Net: NetName=LCD_G6 Pin=Rp4-6
Added Pin To Net: NetName=LCD_G5 Pin=Rp4-7
Added Pin To Net: NetName=LCD_G4 Pin=Rp4-8
Added Pin To Net: NetName=TFT_B0 Pin=Rp5-1
Added Pin To Net: NetName=TFT_B1 Pin=Rp5-2
Added Pin To Net: NetName=TFT_B2 Pin=Rp5-3
Added Pin To Net: NetName=TFT_B3 Pin=Rp5-4
Added Pin To Net: NetName=LCD_B3 Pin=Rp5-5
Added Pin To Net: NetName=LCD_B2 Pin=Rp5-6
Added Pin To Net: NetName=LCD_B1 Pin=Rp5-7
Added Pin To Net: NetName=LCD_B0 Pin=Rp5-8
Added Pin To Net: NetName=TFT_B4 Pin=Rp6-1
Added Pin To Net: NetName=TFT_B5 Pin=Rp6-2
Added Pin To Net: NetName=TFT_B6 Pin=Rp6-3
Added Pin To Net: NetName=TFT_B7 Pin=Rp6-4
Added Pin To Net: NetName=LCD_B7 Pin=Rp6-5
Added Pin To Net: NetName=LCD_B6 Pin=Rp6-6
Added Pin To Net: NetName=LCD_B5 Pin=Rp6-7
Added Pin To Net: NetName=LCD_B4 Pin=Rp6-8
Added Pin To Net: NetName=TFT_CLK Pin=Rp7-1
Added Pin To Net: NetName=TFT_HS Pin=Rp7-2
Added Pin To Net: NetName=TFT_VS Pin=Rp7-3
Added Pin To Net: NetName=TFT_DE Pin=Rp7-4
Added Pin To Net: NetName=LCD_DE Pin=Rp7-5
Added Pin To Net: NetName=LCD_VSYNC Pin=Rp7-6
Added Pin To Net: NetName=LCD_HSYNC Pin=Rp7-7
Added Pin To Net: NetName=LCD_CLK Pin=Rp7-8
Added Pin To Net: NetName=CT_INT Pin=Rp8-1
Added Pin To Net: NetName=CT_SDA Pin=Rp8-2
Added Pin To Net: NetName=CT_SCL Pin=Rp8-3
Added Pin To Net: NetName=CT_RST Pin=Rp8-4
Added Pin To Net: NetName=TP_RST Pin=Rp8-5
Added Pin To Net: NetName=TP_SCL Pin=Rp8-6
Added Pin To Net: NetName=TP_SDA Pin=Rp8-7
Added Pin To Net: NetName=TP_INT Pin=Rp8-8
Added Room: Name=7CUN RGB V0.0.1
