Change Component Designator: Old Designator=B1 New Designator=B?
Change Component Designator: Old Designator=C32 New Designator=C?
Change Component Designator: Old Designator=C33 New Designator=C?
Change Component Designator: Old Designator=C34 New Designator=C?
Change Component Designator: Old Designator=C50 New Designator=C?
Change Component Designator: Old Designator=C51 New Designator=C?
Change Component Designator: Old Designator=C52 New Designator=C?
Change Component Designator: Old Designator=C53 New Designator=C?
Change Component Designator: Old Designator=C60 New Designator=C?
Change Component Designator: Old Designator=C61 New Designator=C?
Change Component Designator: Old Designator=C63 New Designator=C?
Change Component Designator: Old Designator=C64 New Designator=C?
Change Component Designator: Old Designator=C67 New Designator=C?
Change Component Designator: Old Designator=C71 New Designator=C?
Change Component Designator: Old Designator=C88 New Designator=C?
Change Component Designator: Old Designator=C94 New Designator=C?
Change Component Designator: Old Designator=D2 New Designator=D?
Change Component Designator: Old Designator=D5 New Designator=D?
Change Component Designator: Old Designator=Q25 New Designator=Q?
Change Component Designator: Old Designator=Q26 New Designator=Q?
Change Component Designator: Old Designator=R23 New Designator=R?
Change Component Designator: Old Designator=R25 New Designator=R?
Change Component Designator: Old Designator=R27 New Designator=R?
Change Component Designator: Old Designator=R28 New Designator=R?
Change Component Designator: Old Designator=R64 New Designator=R?
Change Component Designator: Old Designator=R65 New Designator=R?
Change Component Designator: Old Designator=R66 New Designator=R?
Change Component Designator: Old Designator=R67 New Designator=R?
Change Component Designator: Old Designator=R70 New Designator=R?
Change Component Designator: Old Designator=R73 New Designator=R?
Change Component Designator: Old Designator=R83 New Designator=R?
Change Component Designator: Old Designator=ZD1 New Designator=ZD?
Change Component Designator: Old Designator=ZD3 New Designator=ZD?
