Removed Pin From Net: NetName=NetB1_1 Pin=R1-1
Removed Pin From Net: NetName=BAT Pin=R1-2
Removed Pin From Net: NetName=NetC1_2 Pin=R2-1
Removed Pin From Net: NetName=USBPOWER Pin=R2-2
Removed Pin From Net: NetName=USBPOWER Pin=R3-1
Removed Pin From Net: NetName=GND Pin=R3-2
Removed Pin From Net: NetName=USB_D- Pin=USB1-2
Removed Pin From Net: NetName=USB_D+ Pin=USB1-3
Change Component DesignItemId : Designator=R1 Old DesignItemId=0603 2K次 (2001) 1% New DesignItemId=0603 1.5K次 (1501) 1%
Change Component DesignItemId : Designator=R2 Old DesignItemId=0603 2K次 (2001) 1% New DesignItemId=0603 22次 (22R0) 1%
Change Component DesignItemId : Designator=R3 Old DesignItemId=0603 3K次 (3001) 1% New DesignItemId=0603 22次 (22R0) 1%
Change Component Comment : Designator=R1 Old Comment=2K次 (2001) ㊣1% New Comment=1.5K次 (1501) ㊣1%
Change Component Comment : Designator=R2 Old Comment=2K次 (2001) ㊣1% New Comment=22次 (22R0) ㊣1%
Change Component Comment : Designator=R3 Old Comment=3K次 (3001) ㊣1% New Comment=22次 (22R0) ㊣1%
Change Component Designator: OldDesignator=R4 NewDesignator=R7
Change Component Designator: OldDesignator=R5 NewDesignator=R8
Change Component Designator: OldDesignator=R6 NewDesignator=R9
Change Component Designator: OldDesignator=R7 NewDesignator=R10
Change Component Designator: OldDesignator=R8 NewDesignator=R11
Change Component Designator: OldDesignator=R9 NewDesignator=R12
Change Component Designator: OldDesignator=R10 NewDesignator=R13
Change Component Designator: OldDesignator=R11 NewDesignator=R14
Change Component Designator: OldDesignator=R12 NewDesignator=R15
Change Component Designator: OldDesignator=R13 NewDesignator=R16
Change Component Designator: OldDesignator=R14 NewDesignator=R17
Change Component Designator: OldDesignator=R15 NewDesignator=R18
Change Component Designator: OldDesignator=R16 NewDesignator=R19
Change Component Designator: OldDesignator=R17 NewDesignator=R20
Change Component Designator: OldDesignator=R18 NewDesignator=R21
Change Component Designator: OldDesignator=R19 NewDesignator=R22
Change Component Designator: OldDesignator=R20 NewDesignator=R23
Change Component Designator: OldDesignator=R21 NewDesignator=R24
Change Component Designator: OldDesignator=R22 NewDesignator=R25
Change Component Designator: OldDesignator=R23 NewDesignator=R26
Change Component Designator: OldDesignator=R24 NewDesignator=R27
Change Component Designator: OldDesignator=R25 NewDesignator=R28
Change Component Designator: OldDesignator=U? NewDesignator=U8
Added Component: Designator=R4(0603_R)
Added Component: Designator=R5(0603_R)
Added Component: Designator=R6(0603_R)
Added Pin To Net: NetName=VCC3.3 Pin=R1-2
Added Pin To Net: NetName=USB_D+ Pin=R2-2
Added Pin To Net: NetName=USB_D- Pin=R3-2
Added Pin To Net: NetName=NetB1_1 Pin=R4-1
Added Pin To Net: NetName=BAT Pin=R4-2
Added Pin To Net: NetName=NetC1_2 Pin=R5-1
Added Pin To Net: NetName=USBPOWER Pin=R5-2
Added Pin To Net: NetName=USBPOWER Pin=R6-1
Added Pin To Net: NetName=GND Pin=R6-2
Added Pin To Net: NetName=USB_D- Pin=U9-44
Added Pin To Net: NetName=USB_D+ Pin=U9-45
Change Net Name : Old Net Name=NetR4_1 New Net Name=NetR7_1
Change Net Name : Old Net Name=NetR6_1 New Net Name=NetR9_1
Change Net Name : Old Net Name=NetR16_1 New Net Name=NetR19_1
Change Net Name : Old Net Name=NetR17_1 New Net Name=NetR20_1
Change Net Name : Old Net Name=NetR18_1 New Net Name=NetR21_1
Change Net Name : Old Net Name=NetR19_1 New Net Name=NetR22_1
Added Pin To Net: NetName=NetR1_1 Pin=R1-1
Added Pin To Net: NetName=NetR1_1 Pin=R2-1
Added Pin To Net: NetName=NetR1_1 Pin=USB1-3
Added Net: Name=NetR1_1
Added Pin To Net: NetName=NetR3_1 Pin=R3-1
Added Pin To Net: NetName=NetR3_1 Pin=USB1-2
Added Net: Name=NetR3_1
Added Member To Class: ClassName=zhangting v0.0 Member=Component R26 10K次 (1002) ㊣1%
Added Member To Class: ClassName=zhangting v0.0 Member=Component R27 10K次 (1002) ㊣1%
Added Member To Class: ClassName=zhangting v0.0 Member=Component R28 10K次 (1002) ㊣1%
Added Room: Name=zhangting v0.0
