Removed Pin From Net: NetName=GND Pin=C18-1
Removed Pin From Net: NetName=VCC5.0 Pin=C18-2
Removed Pin From Net: NetName=GND Pin=C19-1
Removed Pin From Net: NetName=VCC5.0 Pin=C19-2
Removed Pin From Net: NetName=GND Pin=C20-1
Removed Pin From Net: NetName=VCC5.0 Pin=C20-2
Removed Pin From Net: NetName=GND Pin=C21-1
Removed Pin From Net: NetName=VCC5.0 Pin=C21-2
Removed Pin From Net: NetName=VCC5.0 Pin=C22-1
Removed Pin From Net: NetName=GND Pin=C22-2
Removed Pin From Net: NetName=GND Pin=C23-1
Removed Pin From Net: NetName=VCC5.0 Pin=C23-2
Removed Pin From Net: NetName=GND Pin=C24-1
Removed Pin From Net: NetName=VCC5.0 Pin=C24-2
Removed Pin From Net: NetName=GND Pin=C32-1
Removed Pin From Net: NetName=VCC3.3 Pin=C32-2
Removed Pin From Net: NetName=BAT Pin=J1-1
Removed Pin From Net: NetName=GND Pin=J1-2
Removed Pin From Net: NetName=GND Pin=PF1-0
Removed Pin From Net: NetName=GND Pin=PF1-0
Removed Pin From Net: NetName=U1_RX Pin=PF1-4
Removed Pin From Net: NetName=GND Pin=PF1-7
Removed Pin From Net: NetName=VCC5.0 Pin=PF1-8
Removed Pin From Net: NetName=NetB1_1 Pin=R4-1
Removed Pin From Net: NetName=BAT Pin=R4-2
Removed Pin From Net: NetName=NetC1_2 Pin=R5-1
Removed Pin From Net: NetName=USBPOWER Pin=R5-2
Removed Pin From Net: NetName=USBPOWER Pin=R6-1
Removed Pin From Net: NetName=GND Pin=R6-2
Removed Pin From Net: NetName=SDA Pin=R24-1
Removed Pin From Net: NetName=VCC3.3 Pin=R24-2
Removed Pin From Net: NetName=SCL Pin=R25-1
Removed Pin From Net: NetName=VCC3.3 Pin=R25-2
Removed Pin From Net: NetName=U2_TX Pin=U7-3
Removed Pin From Net: NetName=U2_RX Pin=U7-4
Removed Pin From Net: NetName=VCC5.0 Pin=U7-5
Removed Pin From Net: NetName=GND Pin=U7-6
Removed Pin From Net: NetName=VCC5.0 Pin=U8-1
Removed Pin From Net: NetName=VCC5.0 Pin=U8-2
Removed Pin From Net: NetName=GND Pin=U8-3
Removed Pin From Net: NetName=GND Pin=U8-4
Removed Pin From Net: NetName=U1_RX Pin=U8-9
Removed Pin From Net: NetName=GND Pin=U10-3
Removed Pin From Net: NetName=VCC5.0 Pin=U10-4
Removed Pin From Net: NetName=U2_TX Pin=U10-5
Removed Pin From Net: NetName=U2_RX Pin=U10-6
Removed Pin From Net: NetName=VCC5.0 Pin=U11-1
Removed Pin From Net: NetName=GND Pin=U11-2
Removed Pin From Net: NetName=CO2_PWM Pin=U11-4
Removed Pin From Net: NetName=SDA Pin=U13-1
Removed Pin From Net: NetName=GND Pin=U13-2
Removed Pin From Net: NetName=VCC3.3 Pin=U13-5
Removed Pin From Net: NetName=SCL Pin=U13-6
Removed Member From Class: ClassName=zhangting v0.0 Member=C18
Removed Member From Class: ClassName=zhangting v0.0 Member=C19
Removed Member From Class: ClassName=zhangting v0.0 Member=C20
Removed Member From Class: ClassName=zhangting v0.0 Member=C21
Removed Member From Class: ClassName=zhangting v0.0 Member=C22
Removed Member From Class: ClassName=zhangting v0.0 Member=C23
Removed Member From Class: ClassName=zhangting v0.0 Member=C24
Removed Member From Class: ClassName=zhangting v0.0 Member=C32
Removed Member From Class: ClassName=zhangting v0.0 Member=J1
Removed Member From Class: ClassName=zhangting v0.0 Member=PF1
Removed Member From Class: ClassName=zhangting v0.0 Member=R24
Removed Member From Class: ClassName=zhangting v0.0 Member=R25
Removed Member From Class: ClassName=zhangting v0.0 Member=U7
Removed Member From Class: ClassName=zhangting v0.0 Member=U8
Removed Member From Class: ClassName=zhangting v0.0 Member=U10
Removed Member From Class: ClassName=zhangting v0.0 Member=U11
Removed Member From Class: ClassName=zhangting v0.0 Member=U13
Added Component: Designator=P5(2.54*8)
Added Component: Designator=P6(2.54*8)
Added Component: Designator=R4(0603_R)
Added Component: Designator=R5(0603_R)
Added Component: Designator=R6(0603_R)
Added Pin To Net: NetName=VCC3.3 Pin=P5-1
Added Pin To Net: NetName=VCC3.3 Pin=P5-2
Added Pin To Net: NetName=GND Pin=P5-3
Added Pin To Net: NetName=GND Pin=P5-4
Added Pin To Net: NetName=VCC5.0 Pin=P5-5
Added Pin To Net: NetName=VCC5.0 Pin=P5-6
Added Pin To Net: NetName=BAT Pin=P5-7
Added Pin To Net: NetName=BAT Pin=P5-8
Added Pin To Net: NetName=SDA Pin=P6-1
Added Pin To Net: NetName=SCL Pin=P6-2
Added Pin To Net: NetName=U1_RX Pin=P6-3
Added Pin To Net: NetName=CO2_PWM Pin=P6-4
Added Pin To Net: NetName=U2_TX Pin=P6-5
Added Pin To Net: NetName=U2_RX Pin=P6-6
Added Pin To Net: NetName=NetB1_1 Pin=R4-1
Added Pin To Net: NetName=BAT Pin=R4-2
Added Pin To Net: NetName=NetC1_2 Pin=R5-1
Added Pin To Net: NetName=USBPOWER Pin=R5-2
Added Pin To Net: NetName=USBPOWER Pin=R6-1
Added Pin To Net: NetName=GND Pin=R6-2
Added Member To Class: ClassName=zhangting v0.0 Member=Component P5 2.54*8
Added Member To Class: ClassName=zhangting v0.0 Member=Component P6 2.54*8
Added Member To Class: ClassName=zhangting v0.0 Member=Component R4 2K¦¸ (2001) ¡À1%
Added Member To Class: ClassName=zhangting v0.0 Member=Component R5 2K¦¸ (2001) ¡À1%
Added Member To Class: ClassName=zhangting v0.0 Member=Component R6 3K¦¸ (3001) ¡À1%
Added Room: Name=zhangting v0.0
