Removed Pin From Net: NetName=VCC5.0 Pin=U8-1
Removed Pin From Net: NetName=VCC5.0 Pin=U8-2
Removed Pin From Net: NetName=GND Pin=U8-3
Removed Pin From Net: NetName=GND Pin=U8-4
Removed Pin From Net: NetName=U1_RX Pin=U8-9
Removed Member From Class: ClassName=zhangting v0.0 Member=U8
Added Component: Designator=TF1(TF_CARD)
Added Component: Designator=U9(LQFP64)
Added Pin To Net: NetName=SD_D2 Pin=TF1-1
Added Pin To Net: NetName=SD_D3 Pin=TF1-2
Added Pin To Net: NetName=SD_CMD Pin=TF1-3
Added Pin To Net: NetName=VCC3.3 Pin=TF1-4
Added Pin To Net: NetName=SD_CLK Pin=TF1-5
Added Pin To Net: NetName=GND Pin=TF1-6
Added Pin To Net: NetName=SD_D0 Pin=TF1-7
Added Pin To Net: NetName=SD_D1 Pin=TF1-8
Added Pin To Net: NetName=GND Pin=TF1-10
Added Pin To Net: NetName=GND Pin=TF1-11
Added Pin To Net: NetName=GND Pin=TF1-12
Added Pin To Net: NetName=GND Pin=TF1-13
Added Pin To Net: NetName=LCD_RESET Pin=U9-2
Added Pin To Net: NetName=LCD_RS Pin=U9-3
Added Pin To Net: NetName=LCD_WR Pin=U9-4
Added Pin To Net: NetName=LCD_RD Pin=U9-5
Added Pin To Net: NetName=LCD_PWM Pin=U9-6
Added Pin To Net: NetName=NRST Pin=U9-7
Added Pin To Net: NetName=LCD_DB0 Pin=U9-8
Added Pin To Net: NetName=LCD_DB1 Pin=U9-9
Added Pin To Net: NetName=LCD_DB2 Pin=U9-10
Added Pin To Net: NetName=LCD_DB3 Pin=U9-11
Added Pin To Net: NetName=GND Pin=U9-12
Added Pin To Net: NetName=VCC3.3 Pin=U9-13
Added Pin To Net: NetName=CO2_PWM Pin=U9-14
Added Pin To Net: NetName=U2_TX Pin=U9-16
Added Pin To Net: NetName=U2_RX Pin=U9-17
Added Pin To Net: NetName=GND Pin=U9-18
Added Pin To Net: NetName=VCC3.3 Pin=U9-19
Added Pin To Net: NetName=F_CS Pin=U9-20
Added Pin To Net: NetName=F_CLK Pin=U9-21
Added Pin To Net: NetName=F_MISO Pin=U9-22
Added Pin To Net: NetName=F_MOSI Pin=U9-23
Added Pin To Net: NetName=LCD_DB4 Pin=U9-24
Added Pin To Net: NetName=LCD_DB5 Pin=U9-25
Added Pin To Net: NetName=DIANLIANG Pin=U9-26
Added Pin To Net: NetName=VOC_ADC Pin=U9-27
Added Pin To Net: NetName=BOOT1 Pin=U9-28
Added Pin To Net: NetName=U3_TX Pin=U9-29
Added Pin To Net: NetName=U3_RX Pin=U9-30
Added Pin To Net: NetName=GND Pin=U9-31
Added Pin To Net: NetName=VCC3.3 Pin=U9-32
Added Pin To Net: NetName=LCD_CS Pin=U9-33
Added Pin To Net: NetName=LCD_TE Pin=U9-34
Added Pin To Net: NetName=KEY1 Pin=U9-35
Added Pin To Net: NetName=VCC_EN Pin=U9-36
Added Pin To Net: NetName=LCD_DB6 Pin=U9-37
Added Pin To Net: NetName=LCD_DB7 Pin=U9-38
Added Pin To Net: NetName=SD_D0 Pin=U9-39
Added Pin To Net: NetName=SD_D1 Pin=U9-40
Added Pin To Net: NetName=USBPOWER Pin=U9-41
Added Pin To Net: NetName=U1_TX Pin=U9-42
Added Pin To Net: NetName=U1_RX Pin=U9-43
Added Pin To Net: NetName=SWDIO Pin=U9-46
Added Pin To Net: NetName=GND Pin=U9-47
Added Pin To Net: NetName=VCC3.3 Pin=U9-48
Added Pin To Net: NetName=SWCLK Pin=U9-49
Added Pin To Net: NetName=SD_D2 Pin=U9-51
Added Pin To Net: NetName=SD_D3 Pin=U9-52
Added Pin To Net: NetName=SD_CLK Pin=U9-53
Added Pin To Net: NetName=SD_CMD Pin=U9-54
Added Pin To Net: NetName=OUT1 Pin=U9-57
Added Pin To Net: NetName=OUT2 Pin=U9-58
Added Pin To Net: NetName=OUT3 Pin=U9-59
Added Pin To Net: NetName=BOOT0 Pin=U9-60
Added Pin To Net: NetName=SCL Pin=U9-61
Added Pin To Net: NetName=SDA Pin=U9-62
Added Pin To Net: NetName=GND Pin=U9-63
Added Pin To Net: NetName=VCC3.3 Pin=U9-64
Added Member To Class: ClassName=zhangting v0.0 Member=Component TF1 TF_CARD
Added Member To Class: ClassName=zhangting v0.0 Member=Component U9 STM32F103RBT6
Added Room: Name=zhangting v0.0
