Removed Pin From Net: NetName=NetB1_1 Pin=R4-1
Removed Pin From Net: NetName=BAT Pin=R4-2
Removed Pin From Net: NetName=NetC1_2 Pin=R5-1
Removed Pin From Net: NetName=USBPOWER Pin=R5-2
Removed Pin From Net: NetName=USBPOWER Pin=R6-1
Removed Pin From Net: NetName=GND Pin=R6-2
Change Component DesignItemId : Designator=B1 Old DesignItemId=BUTTON_2 New DesignItemId=BUTTON耜泂
Change Component Footprint: Designator=B1 Old Footprint=BUTTON_2 New Footprint=BUTTON耜泂
Change Component Comment : Designator=B1 Old Comment=BUTTON_2 New Comment=BUTTON耜泂
Added Component: Designator=R4(0603_R)
Added Component: Designator=R5(0603_R)
Added Component: Designator=R6(0603_R)
Added Pin To Net: NetName=NetB1_1 Pin=R4-1
Added Pin To Net: NetName=BAT Pin=R4-2
Added Pin To Net: NetName=NetC1_2 Pin=R5-1
Added Pin To Net: NetName=USBPOWER Pin=R5-2
Added Pin To Net: NetName=USBPOWER Pin=R6-1
Added Pin To Net: NetName=GND Pin=R6-2
Added Member To Class: ClassName=zhangting v0.0 Member=Component R4 2K次 (2001) ㊣1%
Added Member To Class: ClassName=zhangting v0.0 Member=Component R5 2K次 (2001) ㊣1%
Added Member To Class: ClassName=zhangting v0.0 Member=Component R6 3K次 (3001) ㊣1%
Added Member To Class: ClassName=zhangting v0.0 Member=Component R7 1K次 (1001) ㊣1%
Added Member To Class: ClassName=zhangting v0.0 Member=Component R8 1M次 (1004) ㊣1%
Added Member To Class: ClassName=zhangting v0.0 Member=Component R9 100次 (1000) ㊣1%
Added Room: Name=zhangting v0.0
