Removed Pin From Net: NetName=NetB1_1 Pin=R4-1
Removed Pin From Net: NetName=BAT Pin=R4-2
Removed Pin From Net: NetName=NetC1_2 Pin=R5-1
Removed Pin From Net: NetName=USBPOWER Pin=R5-2
Removed Pin From Net: NetName=USBPOWER Pin=R6-1
Removed Pin From Net: NetName=GND Pin=R6-2
Removed Member From Class: ClassName=zhangting v0.0 Member=C25
Removed Member From Class: ClassName=zhangting v0.0 Member=P5
Removed Member From Class: ClassName=zhangting v0.0 Member=U12
Change Component Designator: OldDesignator=C8 NewDesignator=C9
Change Component Designator: OldDesignator=C9 NewDesignator=C10
Change Component Designator: OldDesignator=C10 NewDesignator=C11
Change Component Designator: OldDesignator=C11 NewDesignator=C12
Change Component Designator: OldDesignator=C12 NewDesignator=C13
Change Component Designator: OldDesignator=C13 NewDesignator=C14
Change Component Designator: OldDesignator=C14 NewDesignator=C15
Change Component Designator: OldDesignator=C15 NewDesignator=C16
Change Component Designator: OldDesignator=C16 NewDesignator=C17
Change Component Designator: OldDesignator=C17 NewDesignator=C18
Change Component Designator: OldDesignator=C25 NewDesignator=C8
Change Component Designator: OldDesignator=C26 NewDesignator=C19
Change Component Designator: OldDesignator=C27 NewDesignator=C20
Change Component Designator: OldDesignator=C28 NewDesignator=C21
Change Component Designator: OldDesignator=C29 NewDesignator=C22
Change Component Designator: OldDesignator=C30 NewDesignator=C23
Change Component Designator: OldDesignator=C31 NewDesignator=C24
Change Component Designator: OldDesignator=P1 NewDesignator=P3
Change Component Designator: OldDesignator=P5 NewDesignator=P1
Change Component Designator: OldDesignator=P6 NewDesignator=P2
Change Component Designator: OldDesignator=R14 NewDesignator=R15
Change Component Designator: OldDesignator=R15 NewDesignator=R16
Change Component Designator: OldDesignator=R16 NewDesignator=R17
Change Component Designator: OldDesignator=R17 NewDesignator=R18
Change Component Designator: OldDesignator=R18 NewDesignator=R19
Change Component Designator: OldDesignator=R19 NewDesignator=R20
Change Component Designator: OldDesignator=R20 NewDesignator=R21
Change Component Designator: OldDesignator=R21 NewDesignator=R22
Change Component Designator: OldDesignator=R22 NewDesignator=R23
Change Component Designator: OldDesignator=R23 NewDesignator=R14
Change Component Designator: OldDesignator=R26 NewDesignator=R24
Change Component Designator: OldDesignator=R27 NewDesignator=R25
Change Component Designator: OldDesignator=R28 NewDesignator=R26
Change Component Designator: OldDesignator=U4 NewDesignator=U5
Change Component Designator: OldDesignator=U5 NewDesignator=U6
Change Component Designator: OldDesignator=U6 NewDesignator=U7
Change Component Designator: OldDesignator=U9 NewDesignator=U8
Change Component Designator: OldDesignator=U12 NewDesignator=U4
Added Component: Designator=R4(0603_R)
Added Component: Designator=R5(0603_R)
Added Component: Designator=R6(0603_R)
Added Pin To Net: NetName=NetB1_1 Pin=R4-1
Added Pin To Net: NetName=BAT Pin=R4-2
Added Pin To Net: NetName=NetC1_2 Pin=R5-1
Added Pin To Net: NetName=USBPOWER Pin=R5-2
Added Pin To Net: NetName=USBPOWER Pin=R6-1
Added Pin To Net: NetName=GND Pin=R6-2
Change Net Name : Old Net Name=NetC12_2 New Net Name=NetC13_2
Change Net Name : Old Net Name=NetC13_2 New Net Name=NetC14_2
Change Net Name : Old Net Name=NetC14_2 New Net Name=NetC15_2
Change Net Name : Old Net Name=NetR19_1 New Net Name=NetR20_1
Change Net Name : Old Net Name=NetR20_1 New Net Name=NetR21_1
Change Net Name : Old Net Name=NetR21_1 New Net Name=NetR22_1
Change Net Name : Old Net Name=NetR22_1 New Net Name=NetR23_1
Added Member To Class: ClassName=zhangting v0.0 Member=Component C18 100nF(104) 10% 50V
Added Member To Class: ClassName=zhangting v0.0 Member=Component P3 2.54*5
Added Member To Class: ClassName=zhangting v0.0 Member=Component R4 2K¦¸ (2001) ¡À1%
Added Member To Class: ClassName=zhangting v0.0 Member=Component R5 2K¦¸ (2001) ¡À1%
Added Member To Class: ClassName=zhangting v0.0 Member=Component R6 3K¦¸ (3001) ¡À1%
Added Member To Class: ClassName=zhangting v0.0 Member=Component U7 W25Q128JVSIQTR
Added Room: Name=zhangting v0.0
